<?xml version="1.0" encoding="utf-8"?><testsuites name="pytest tests"><testsuite name="pytest" errors="0" failures="0" skipped="0" tests="22" time="2.696" timestamp="2026-05-09T08:28:22.755622+00:00" hostname="agent-env-b8ea6577-e12a-4a4d-a283-d5c89eea915c"><testcase classname="backend.tests.test_boltdash_api.TestHealth" name="test_health_ok" time="0.007" /><testcase classname="backend.tests.test_boltdash_api.TestAuth" name="test_login_success" time="0.063" /><testcase classname="backend.tests.test_boltdash_api.TestAuth" name="test_login_wrong_password" time="0.058" /><testcase classname="backend.tests.test_boltdash_api.TestAuth" name="test_auth_me" time="0.067" /><testcase classname="backend.tests.test_boltdash_api.TestAuth" name="test_unauthorized_protected" time="0.001" /><testcase classname="backend.tests.test_boltdash_api.TestMetrics" name="test_current" time="0.224" /><testcase classname="backend.tests.test_boltdash_api.TestMetrics" name="test_history" time="0.003" /><testcase classname="backend.tests.test_boltdash_api.TestDocker" name="test_containers_no_crash" time="0.002" /><testcase classname="backend.tests.test_boltdash_api.TestDocker" name="test_containers_status_no_crash" time="0.002" /><testcase classname="backend.tests.test_boltdash_api.TestDocker" name="test_backups_list" time="0.002" /><testcase classname="backend.tests.test_boltdash_api.TestDocker" name="test_schedules_list" time="0.001" /><testcase classname="backend.tests.test_boltdash_api.TestMisc" name="test_files_list" time="0.001" /><testcase classname="backend.tests.test_boltdash_api.TestMisc" name="test_settings" time="0.002" /><testcase classname="backend.tests.test_boltdash_api.TestMisc" name="test_settings_logs" time="0.002" /><testcase classname="backend.tests.test_boltdash_api.TestMisc" name="test_notifications_config" time="0.002" /><testcase classname="backend.tests.test_boltdash_api.TestSystemUpdates" name="test_system_info" time="0.007" /><testcase classname="backend.tests.test_boltdash_api.TestSystemUpdates" name="test_check_updates" time="2.130" /><testcase classname="backend.tests.test_boltdash_api.TestSystemUpdates" name="test_scheduler_toggle_persists" time="0.020" /><testcase classname="backend.tests.test_boltdash_api.TestSystemUpdates" name="test_updates_history" time="0.002" /><testcase classname="backend.tests.test_boltdash_api.TestSystemUpdates" name="test_destructive_endpoints_exist[/api/system/update]" time="0.001" /><testcase classname="backend.tests.test_boltdash_api.TestSystemUpdates" name="test_destructive_endpoints_exist[/api/system/kernel-update]" time="0.001" /><testcase classname="backend.tests.test_boltdash_api.TestSystemUpdates" name="test_destructive_endpoints_exist[/api/system/reboot]" time="0.001" /></testsuite></testsuites>